{
  "timestamp": "2025-06-25T15:15:26.922845",
  "environment": "stage",
  "quick_mode": true,
  "summary": {
    "total_suites": 4,
    "passed_suites": 2,
    "failed_suites": 2,
    "success_rate": 0.5,
    "total_duration": 14.120568752288818,
    "deployment_approved": false
  },
  "suites": {
    "critical": {
      "type": "critical",
      "exit_code": 0,
      "duration": 12.398215770721436,
      "stdout": "============================= test session starts ==============================\nplatform darwin -- Python 3.9.6, pytest-7.4.3, pluggy-1.6.0 -- /Users/iancruickshank/Documents/CascadeProjects/venv/bin/python\ncachedir: .pytest_cache\nmetadata: {'Python': '3.9.6', 'Platform': 'macOS-15.5-arm64-arm-64bit', 'Packages': {'pytest': '7.4.3', 'pluggy': '1.6.0'}, 'Plugins': {'json-report': '1.5.0', 'timeout': '2.4.0', 'metadata': '3.1.1', 'asyncio': '0.21.1', 'mock': '3.12.0', 'anyio': '3.7.1'}}\nrootdir: /Users/iancruickshank/Documents/CascadeProjects/windsurf-project\nconfigfile: pytest.ini\nplugins: json-report-1.5.0, timeout-2.4.0, metadata-3.1.1, asyncio-0.21.1, mock-3.12.0, anyio-3.7.1\ntimeout: 300.0s\ntimeout method: thread\ntimeout func_only: False\nasyncio: mode=strict\ncollecting ... collected 7 items\n\ntests/test_regression.py::TestCriticalFunctionality::test_config_manager_initialization PASSED [ 14%]\ntests/test_regression.py::TestCriticalFunctionality::test_test_engine_basic_operations PASSED [ 28%]\ntests/test_regression.py::TestCriticalFunctionality::test_test_runner_configuration PASSED [ 42%]\ntests/test_regression.py::TestCriticalFunctionality::test_http_test_execution \n-------------------------------- live log call ---------------------------------\n2025-06-25 15:15:13 [INFO] Starting HTTP test for GET https://httpbin.org/get (test_engine.py:113)\n2025-06-25 15:15:13 [INFO] Expected status: 200, Headers: {'User-Agent': 'NLM-Regression-Test'} (test_engine.py:114)\n2025-06-25 15:15:13 [INFO] Using 1 threads for 2 users (test_engine.py:123)\n2025-06-25 15:15:25 [INFO] HTTP test completed in 11.83 seconds using 1 threads (test_engine.py:162)\nPASSED                                                                   [ 57%]\ntests/test_regression.py::TestCriticalFunctionality::test_cli_argument_parsing PASSED [ 71%]\ntests/test_regression.py::TestCriticalFunctionality::test_results_summary_generation PASSED [ 85%]\ntests/test_regression.py::TestCriticalFunctionality::test_csv_export_functionality \n-------------------------------- live log call ---------------------------------\n2025-06-25 15:15:25 [INFO] Exported detailed results to /var/folders/1p/8_mzk6q95bv1w31pwcdlxwv80000gn/T/tmpn5vs4qae.csv (csv_exporter.py:563)\n2025-06-25 15:15:25 [INFO] Exported summary to /var/folders/1p/8_mzk6q95bv1w31pwcdlxwv80000gn/T/tmpn5vs4qae_summary.csv (csv_exporter.py:564)\nPASSED                                                                   [100%]\n\n--------------------------------- JSON report ----------------------------------\nreport saved to: /Users/iancruickshank/Documents/CascadeProjects/windsurf-project/reports/regression_critical_1750878912.json\n============================= slowest 10 durations =============================\n11.83s call     tests/test_regression.py::TestCriticalFunctionality::test_http_test_execution\n0.03s setup    tests/test_regression.py::TestCriticalFunctionality::test_results_summary_generation\n\n(8 durations < 0.005s hidden.  Use -vv to show these durations.)\n============================== 7 passed in 12.22s ==============================\n",
      "stderr": "",
      "passed": true
    },
    "configuration": {
      "type": "configuration",
      "exit_code": 1,
      "duration": 0.5269021987915039,
      "stdout": "============================= test session starts ==============================\nplatform darwin -- Python 3.9.6, pytest-7.4.3, pluggy-1.6.0 -- /Users/iancruickshank/Documents/CascadeProjects/venv/bin/python\ncachedir: .pytest_cache\nmetadata: {'Python': '3.9.6', 'Platform': 'macOS-15.5-arm64-arm-64bit', 'Packages': {'pytest': '7.4.3', 'pluggy': '1.6.0'}, 'Plugins': {'json-report': '1.5.0', 'timeout': '2.4.0', 'metadata': '3.1.1', 'asyncio': '0.21.1', 'mock': '3.12.0', 'anyio': '3.7.1'}}\nrootdir: /Users/iancruickshank/Documents/CascadeProjects/windsurf-project\nconfigfile: pytest.ini\nplugins: json-report-1.5.0, timeout-2.4.0, metadata-3.1.1, asyncio-0.21.1, mock-3.12.0, anyio-3.7.1\ntimeout: 300.0s\ntimeout method: thread\ntimeout func_only: False\nasyncio: mode=strict\ncollecting ... collected 3 items\n\ntests/test_regression.py::TestConfigurationRegression::test_environment_configurations FAILED [ 33%]\ntests/test_regression.py::TestConfigurationRegression::test_credential_validation PASSED [ 66%]\ntests/test_regression.py::TestConfigurationRegression::test_config_file_access PASSED [100%]\n\n=================================== FAILURES ===================================\n_________ TestConfigurationRegression.test_environment_configurations __________\ntests/test_regression.py:394: in test_environment_configurations\n    assert \"log_level\" in env_config, f\"Missing log_level in {env}\"\nE   AssertionError: Missing log_level in dev\nE   assert 'log_level' in {'aws_profile': 'default', 'aws_region': 'us-west-2', 'datadog_site': 'datadoghq.com', 'splunk_host': 'localhost:8089'}\n--------------------------------- JSON report ----------------------------------\nreport saved to: /Users/iancruickshank/Documents/CascadeProjects/windsurf-project/reports/regression_configuration_1750878925.json\n============================= slowest 10 durations =============================\n\n(9 durations < 0.005s hidden.  Use -vv to show these durations.)\n=========================== short test summary info ============================\nFAILED tests/test_regression.py::TestConfigurationRegression::test_environment_configurations\n========================= 1 failed, 2 passed in 0.37s ==========================\n",
      "stderr": "",
      "passed": false
    },
    "integration": {
      "type": "integration",
      "exit_code": 1,
      "duration": 0.7240822315216064,
      "stdout": "============================= test session starts ==============================\nplatform darwin -- Python 3.9.6, pytest-7.4.3, pluggy-1.6.0 -- /Users/iancruickshank/Documents/CascadeProjects/venv/bin/python\ncachedir: .pytest_cache\nmetadata: {'Python': '3.9.6', 'Platform': 'macOS-15.5-arm64-arm-64bit', 'Packages': {'pytest': '7.4.3', 'pluggy': '1.6.0'}, 'Plugins': {'json-report': '1.5.0', 'timeout': '2.4.0', 'metadata': '3.1.1', 'asyncio': '0.21.1', 'mock': '3.12.0', 'anyio': '3.7.1'}}\nrootdir: /Users/iancruickshank/Documents/CascadeProjects/windsurf-project\nconfigfile: pytest.ini\nplugins: json-report-1.5.0, timeout-2.4.0, metadata-3.1.1, asyncio-0.21.1, mock-3.12.0, anyio-3.7.1\ntimeout: 300.0s\ntimeout method: thread\ntimeout func_only: False\nasyncio: mode=strict\ncollecting ... collected 3 items\n\ntests/test_regression.py::TestIntegrationRegression::test_end_to_end_workflow PASSED [ 33%]\ntests/test_regression.py::TestIntegrationRegression::test_ai_analysis_integration \n-------------------------------- live log call ---------------------------------\n2025-06-25 15:15:26 [INFO] OpenAI client initialized (analysis_engine.py:54)\nFAILED                                                                   [ 66%]\ntests/test_regression.py::TestIntegrationRegression::test_export_integration PASSED [100%]\n\n=================================== FAILURES ===================================\n____________ TestIntegrationRegression.test_ai_analysis_integration ____________\ntests/test_regression.py:503: in test_ai_analysis_integration\n    analysis = ai_engine.analyze_results(sample_results)\nsrc/ai/analysis_engine.py:115: in analyze_results\n    results = test_results.get(\"results\", [])\nE   AttributeError: 'list' object has no attribute 'get'\n------------------------------ Captured log call -------------------------------\nINFO     nlm.ai:analysis_engine.py:54 OpenAI client initialized\n--------------------------------- JSON report ----------------------------------\nreport saved to: /Users/iancruickshank/Documents/CascadeProjects/windsurf-project/reports/regression_integration_1750878925.json\n============================= slowest 10 durations =============================\n0.16s call     tests/test_regression.py::TestIntegrationRegression::test_ai_analysis_integration\n\n(8 durations < 0.005s hidden.  Use -vv to show these durations.)\n=========================== short test summary info ============================\nFAILED tests/test_regression.py::TestIntegrationRegression::test_ai_analysis_integration\n========================= 1 failed, 2 passed in 0.56s ==========================\n",
      "stderr": "",
      "passed": false
    },
    "performance": {
      "type": "performance",
      "exit_code": 0,
      "duration": 0.470628023147583,
      "stdout": "============================= test session starts ==============================\nplatform darwin -- Python 3.9.6, pytest-7.4.3, pluggy-1.6.0 -- /Users/iancruickshank/Documents/CascadeProjects/venv/bin/python\ncachedir: .pytest_cache\nmetadata: {'Python': '3.9.6', 'Platform': 'macOS-15.5-arm64-arm-64bit', 'Packages': {'pytest': '7.4.3', 'pluggy': '1.6.0'}, 'Plugins': {'json-report': '1.5.0', 'timeout': '2.4.0', 'metadata': '3.1.1', 'asyncio': '0.21.1', 'mock': '3.12.0', 'anyio': '3.7.1'}}\nrootdir: /Users/iancruickshank/Documents/CascadeProjects/windsurf-project\nconfigfile: pytest.ini\nplugins: json-report-1.5.0, timeout-2.4.0, metadata-3.1.1, asyncio-0.21.1, mock-3.12.0, anyio-3.7.1\ntimeout: 300.0s\ntimeout method: thread\ntimeout func_only: False\nasyncio: mode=strict\ncollecting ... collected 2 items\n\ntests/test_regression.py::TestPerformanceRegression::test_simulation_performance PASSED [ 50%]\ntests/test_regression.py::TestPerformanceRegression::test_results_processing_performance PASSED [100%]\n\n--------------------------------- JSON report ----------------------------------\nreport saved to: /Users/iancruickshank/Documents/CascadeProjects/windsurf-project/reports/regression_performance_1750878926.json\n============================= slowest 10 durations =============================\n\n(6 durations < 0.005s hidden.  Use -vv to show these durations.)\n============================== 2 passed in 0.32s ===============================\n",
      "stderr": "",
      "passed": true
    }
  },
  "recommendations": [
    "BLOCK DEPLOYMENT: Configuration validation failed",
    "BLOCK DEPLOYMENT: Integration tests failed"
  ]
}